0 info it worked if it ends with ok
1 verbose cli [ '/Users/mac/n/bin/node', '/Users/mac/n/bin/npm', 'publish' ]
2 info using npm@3.10.3
3 info using node@v6.6.0
4 verbose publish [ '.' ]
5 silly cache add args [ '.', null ]
6 verbose cache add spec .
7 silly cache add parsed spec Result {
7 silly cache add   raw: '.',
7 silly cache add   scope: null,
7 silly cache add   escapedName: null,
7 silly cache add   name: null,
7 silly cache add   rawSpec: '.',
7 silly cache add   spec: '/Users/mac/Sites/wraiths',
7 silly cache add   type: 'directory' }
8 verbose addLocalDirectory /Users/mac/.npm/wraiths/1.1.5/package.tgz not in flight; packing
9 verbose correctMkdir /Users/mac/.npm correctMkdir not in flight; initializing
10 info lifecycle wraiths@1.1.5~prepublish: wraiths@1.1.5
11 silly lifecycle wraiths@1.1.5~prepublish: no script for prepublish, continuing
12 verbose tar pack [ '/Users/mac/.npm/wraiths/1.1.5/package.tgz',
12 verbose tar pack   '/Users/mac/Sites/wraiths' ]
13 verbose tarball /Users/mac/.npm/wraiths/1.1.5/package.tgz
14 verbose folder /Users/mac/Sites/wraiths
15 verbose addLocalTarball adding from inside cache /Users/mac/.npm/wraiths/1.1.5/package.tgz
16 verbose correctMkdir /Users/mac/.npm correctMkdir not in flight; initializing
17 silly cache afterAdd wraiths@1.1.5
18 verbose afterAdd /Users/mac/.npm/wraiths/1.1.5/package/package.json not in flight; writing
19 verbose correctMkdir /Users/mac/.npm correctMkdir not in flight; initializing
20 verbose afterAdd /Users/mac/.npm/wraiths/1.1.5/package/package.json written
21 silly publish { name: 'wraiths',
21 silly publish   version: '1.1.5',
21 silly publish   description: 'BEMIT libs',
21 silly publish   author: { name: 'Fabio Cencetti', email: 'hey@kreo.me' },
21 silly publish   contributors:
21 silly publish    [ { name: 'Andrea Rabbaglietti',
21 silly publish        email: 'rabbagliettiandrea@gmail.com' },
21 silly publish      { name: 'Sergio Pellicani',
21 silly publish        email: 'sergio.pellicani@rhubbit.com' } ],
21 silly publish   bin: {},
21 silly publish   files:
21 silly publish    [ 'LICENSE',
21 silly publish      'Readme.md',
21 silly publish      'package.json',
21 silly publish      'index.js',
21 silly publish      'dist/**/*',
21 silly publish      'sources/**/*' ],
21 silly publish   scripts: {},
21 silly publish   main: 'index.js',
21 silly publish   repository:
21 silly publish    { type: 'git',
21 silly publish      url: 'git+https://github.com/codezilla-it/wraiths.git' },
21 silly publish   bugs: { url: 'https://github.com/codezilla-it/wraiths/issues' },
21 silly publish   keywords:
21 silly publish    [ 'BEMIT',
21 silly publish      'modular',
21 silly publish      'framework',
21 silly publish      'common',
21 silly publish      'global',
21 silly publish      'project',
21 silly publish      'wraiths' ],
21 silly publish   dependencies: {},
21 silly publish   devDependencies: {},
21 silly publish   preferGlobal: false,
21 silly publish   private: false,
21 silly publish   publishConfig: {},
21 silly publish   analyze: true,
21 silly publish   license: 'MIT',
21 silly publish   readme: '# wraith\n',
21 silly publish   readmeFilename: 'README.md',
21 silly publish   gitHead: 'f9f2009ab430a6eea5b43778d71bbb410548bbe3',
21 silly publish   homepage: 'https://github.com/codezilla-it/wraiths#readme',
21 silly publish   _id: 'wraiths@1.1.5',
21 silly publish   _shasum: '4133dd05c489364d83882456994af6a32b9fb8c2',
21 silly publish   _from: '.' }
22 verbose getPublishConfig {}
23 silly mapToRegistry name wraiths
24 silly mapToRegistry using default registry
25 silly mapToRegistry registry http://registry.npmjs.org/
26 silly mapToRegistry data Result {
26 silly mapToRegistry   raw: 'wraiths',
26 silly mapToRegistry   scope: null,
26 silly mapToRegistry   escapedName: 'wraiths',
26 silly mapToRegistry   name: 'wraiths',
26 silly mapToRegistry   rawSpec: '',
26 silly mapToRegistry   spec: 'latest',
26 silly mapToRegistry   type: 'tag' }
27 silly mapToRegistry uri http://registry.npmjs.org/wraiths
28 verbose publish registryBase http://registry.npmjs.org/
29 silly publish uploading /Users/mac/.npm/wraiths/1.1.5/package.tgz
30 verbose request uri http://registry.npmjs.org/wraiths
31 verbose request sending authorization for write operation
32 info attempt registry request try #1 at 09:58:38
33 verbose request using bearer token for auth
34 verbose request id 9b387e26cff2db27
35 http request PUT http://registry.npmjs.org/wraiths
36 http 403 http://registry.npmjs.org/wraiths
37 verbose headers { 'content-type': 'application/json',
37 verbose headers   'cache-control': 'max-age=300',
37 verbose headers   'content-length': '95',
37 verbose headers   'accept-ranges': 'bytes',
37 verbose headers   date: 'Mon, 19 Sep 2016 07:58:39 GMT',
37 verbose headers   via: '1.1 varnish',
37 verbose headers   connection: 'keep-alive',
37 verbose headers   'x-served-by': 'cache-lhr6346-LHR',
37 verbose headers   'x-cache': 'MISS',
37 verbose headers   'x-cache-hits': '0',
37 verbose headers   'x-timer': 'S1474271918.561834,VS0,VE1073',
37 verbose headers   vary: 'Accept-Encoding' }
38 verbose request invalidating /Users/mac/.npm/registry.npmjs.org/wraiths on PUT
39 error publish Failed PUT 403
40 verbose stack Error: "You cannot publish over the previously published version 1.1.5." : wraiths
40 verbose stack     at makeError (/Users/mac/n/lib/node_modules/npm/node_modules/npm-registry-client/lib/request.js:264:12)
40 verbose stack     at CachingRegistryClient.<anonymous> (/Users/mac/n/lib/node_modules/npm/node_modules/npm-registry-client/lib/request.js:252:14)
40 verbose stack     at Request._callback (/Users/mac/n/lib/node_modules/npm/node_modules/npm-registry-client/lib/request.js:172:14)
40 verbose stack     at Request.self.callback (/Users/mac/n/lib/node_modules/npm/node_modules/request/request.js:200:22)
40 verbose stack     at emitTwo (events.js:106:13)
40 verbose stack     at Request.emit (events.js:191:7)
40 verbose stack     at Request.<anonymous> (/Users/mac/n/lib/node_modules/npm/node_modules/request/request.js:1067:10)
40 verbose stack     at emitOne (events.js:101:20)
40 verbose stack     at Request.emit (events.js:188:7)
40 verbose stack     at IncomingMessage.<anonymous> (/Users/mac/n/lib/node_modules/npm/node_modules/request/request.js:988:12)
41 verbose statusCode 403
42 verbose pkgid wraiths
43 verbose cwd /Users/mac/Sites/wraiths
44 error Darwin 15.6.0
45 error argv "/Users/mac/n/bin/node" "/Users/mac/n/bin/npm" "publish"
46 error node v6.6.0
47 error npm  v3.10.3
48 error code E403
49 error "You cannot publish over the previously published version 1.1.5." : wraiths
50 error If you need help, you may report this error at:
50 error     <https://github.com/npm/npm/issues>
51 verbose exit [ 1, true ]
